mode: set
github.com/AlekSi/gocovermerge/internal/lib/merge.go:11.49,14.14 3 0
github.com/AlekSi/gocovermerge/internal/lib/merge.go:14.26,16.16 2 0
github.com/AlekSi/gocovermerge/internal/lib/merge.go:16.17,18.18 1 0
github.com/AlekSi/gocovermerge/internal/lib/merge.go:19.3,19.19 1 0
github.com/AlekSi/gocovermerge/internal/lib/merge.go:19.30,20.20 1 0
github.com/AlekSi/gocovermerge/internal/lib/merge.go:20.18,22.22 1 0
github.com/AlekSi/gocovermerge/internal/lib/merge.go:23.4,23.23 1 0
github.com/AlekSi/gocovermerge/internal/lib/merge.go:23.22,25.25 1 0
github.com/AlekSi/gocovermerge/internal/lib/merge.go:27.4,27.27 1 0
github.com/AlekSi/gocovermerge/internal/lib/merge.go:31.2,32.32 2 0
github.com/AlekSi/gocovermerge/internal/lib/merge.go:32.27,34.34 1 0
github.com/AlekSi/gocovermerge/internal/lib/merge.go:35.2,38.38 3 0
github.com/AlekSi/gocovermerge/internal/lib/merge.go:38.16,40.40 1 0
github.com/AlekSi/gocovermerge/internal/lib/merge.go:41.2,43.43 2 0
github.com/AlekSi/gocovermerge/internal/lib/merge.go:43.73,45.45 1 0
github.com/AlekSi/gocovermerge/internal/lib/merge.go:46.2,46.46 1 0
github.com/AlekSi/gocovermerge/internal/lib/merge.go:46.29,47.47 1 0
github.com/AlekSi/gocovermerge/internal/lib/merge.go:47.34,51.51 2 0
github.com/AlekSi/gocovermerge/internal/lib/merge.go:51.45,53.53 1 0
github.com/AlekSi/gocovermerge/internal/lib/merge.go:56.2,56.56 1 0
github.com/AlekSi/gocovermerge/internal/lib/merge.go:11.49,14.14 3 0
github.com/AlekSi/gocovermerge/internal/lib/merge.go:14.26,16.16 2 0
github.com/AlekSi/gocovermerge/internal/lib/merge.go:16.17,18.18 1 0
github.com/AlekSi/gocovermerge/internal/lib/merge.go:19.3,19.19 1 0
github.com/AlekSi/gocovermerge/internal/lib/merge.go:19.30,20.20 1 0
github.com/AlekSi/gocovermerge/internal/lib/merge.go:20.18,22.22 1 0
github.com/AlekSi/gocovermerge/internal/lib/merge.go:23.4,23.23 1 0
github.com/AlekSi/gocovermerge/internal/lib/merge.go:23.22,25.25 1 0
github.com/AlekSi/gocovermerge/internal/lib/merge.go:27.4,27.27 1 0
github.com/AlekSi/gocovermerge/internal/lib/merge.go:31.2,32.32 2 0
github.com/AlekSi/gocovermerge/internal/lib/merge.go:32.27,34.34 1 0
github.com/AlekSi/gocovermerge/internal/lib/merge.go:35.2,38.38 3 0
github.com/AlekSi/gocovermerge/internal/lib/merge.go:38.16,40.40 1 0
github.com/AlekSi/gocovermerge/internal/lib/merge.go:41.2,43.43 2 0
github.com/AlekSi/gocovermerge/internal/lib/merge.go:43.73,45.45 1 0
github.com/AlekSi/gocovermerge/internal/lib/merge.go:46.2,46.46 1 0
github.com/AlekSi/gocovermerge/internal/lib/merge.go:46.29,47.47 1 0
github.com/AlekSi/gocovermerge/internal/lib/merge.go:47.34,51.51 2 0
github.com/AlekSi/gocovermerge/internal/lib/merge.go:51.45,53.53 1 0
github.com/AlekSi/gocovermerge/internal/lib/merge.go:56.2,56.56 1 0
github.com/AlekSi/gocovermerge/internal/lib/test.go:14.48,19.19 5 0
github.com/AlekSi/gocovermerge/internal/lib/test.go:19.16,21.21 1 0
github.com/AlekSi/gocovermerge/internal/lib/test.go:23.2,25.25 3 0
github.com/AlekSi/gocovermerge/internal/lib/test.go:25.26,27.27 2 0
github.com/AlekSi/gocovermerge/internal/lib/test.go:27.14,29.29 1 0
github.com/AlekSi/gocovermerge/internal/lib/test.go:31.2,31.31 1 0
github.com/AlekSi/gocovermerge/internal/lib/test.go:34.55,36.36 2 0
github.com/AlekSi/gocovermerge/internal/lib/test.go:36.16,38.38 1 0
github.com/AlekSi/gocovermerge/internal/lib/test.go:40.2,41.41 2 0
github.com/AlekSi/gocovermerge/internal/lib/test.go:41.35,43.43 1 0
github.com/AlekSi/gocovermerge/internal/lib/test.go:44.2,47.47 3 0
github.com/AlekSi/gocovermerge/internal/lib/test.go:47.16,49.49 1 0
github.com/AlekSi/gocovermerge/internal/lib/test.go:50.2,50.50 1 0
github.com/AlekSi/gocovermerge/internal/lib/test.go:50.33,52.52 1 0
github.com/AlekSi/gocovermerge/internal/lib/test.go:53.2,54.54 2 0
github.com/AlekSi/gocovermerge/internal/lib/test.go:54.38,56.56 1 0
github.com/AlekSi/gocovermerge/internal/lib/test.go:57.2,57.57 1 0
github.com/AlekSi/gocovermerge/internal/lib/test.go:57.43,59.59 1 0
github.com/AlekSi/gocovermerge/internal/lib/test.go:61.2,62.62 2 0
github.com/AlekSi/gocovermerge/internal/lib/test.go:62.29,63.63 1 0
github.com/AlekSi/gocovermerge/internal/lib/test.go:63.70,65.65 1 0
github.com/AlekSi/gocovermerge/internal/lib/test.go:66.3,67.67 2 0
github.com/AlekSi/gocovermerge/internal/lib/test.go:67.34,69.69 1 0
github.com/AlekSi/gocovermerge/internal/lib/test.go:71.3,78.78 8 0
github.com/AlekSi/gocovermerge/internal/lib/test.go:78.35,80.80 1 0
github.com/AlekSi/gocovermerge/internal/lib/test.go:83.2,83.83 1 0
github.com/AlekSi/gocovermerge/internal/lib/test.go:83.44,85.85 1 0
github.com/AlekSi/gocovermerge/internal/lib/test.go:86.2,86.86 1 0
github.com/AlekSi/gocovermerge/internal/lib/test.go:14.48,19.19 5 0
github.com/AlekSi/gocovermerge/internal/lib/test.go:19.16,21.21 1 0
github.com/AlekSi/gocovermerge/internal/lib/test.go:23.2,25.25 3 0
github.com/AlekSi/gocovermerge/internal/lib/test.go:25.26,27.27 2 0
github.com/AlekSi/gocovermerge/internal/lib/test.go:27.14,29.29 1 0
github.com/AlekSi/gocovermerge/internal/lib/test.go:31.2,31.31 1 0
github.com/AlekSi/gocovermerge/internal/lib/test.go:34.55,36.36 2 0
github.com/AlekSi/gocovermerge/internal/lib/test.go:36.16,38.38 1 0
github.com/AlekSi/gocovermerge/internal/lib/test.go:40.2,41.41 2 0
github.com/AlekSi/gocovermerge/internal/lib/test.go:41.35,43.43 1 0
github.com/AlekSi/gocovermerge/internal/lib/test.go:44.2,47.47 3 0
github.com/AlekSi/gocovermerge/internal/lib/test.go:47.16,49.49 1 0
github.com/AlekSi/gocovermerge/internal/lib/test.go:50.2,50.50 1 0
github.com/AlekSi/gocovermerge/internal/lib/test.go:50.33,52.52 1 0
github.com/AlekSi/gocovermerge/internal/lib/test.go:53.2,54.54 2 0
github.com/AlekSi/gocovermerge/internal/lib/test.go:54.38,56.56 1 0
github.com/AlekSi/gocovermerge/internal/lib/test.go:57.2,57.57 1 0
github.com/AlekSi/gocovermerge/internal/lib/test.go:57.43,59.59 1 0
github.com/AlekSi/gocovermerge/internal/lib/test.go:61.2,62.62 2 0
github.com/AlekSi/gocovermerge/internal/lib/test.go:62.29,63.63 1 0
github.com/AlekSi/gocovermerge/internal/lib/test.go:63.70,65.65 1 0
github.com/AlekSi/gocovermerge/internal/lib/test.go:66.3,67.67 2 0
github.com/AlekSi/gocovermerge/internal/lib/test.go:67.34,69.69 1 0
github.com/AlekSi/gocovermerge/internal/lib/test.go:71.3,78.78 8 0
github.com/AlekSi/gocovermerge/internal/lib/test.go:78.35,80.80 1 0
github.com/AlekSi/gocovermerge/internal/lib/test.go:83.2,83.83 1 0
github.com/AlekSi/gocovermerge/internal/lib/test.go:83.44,85.85 1 0
github.com/AlekSi/gocovermerge/internal/lib/test.go:86.2,86.86 1 0
github.com/AlekSi/gocovermerge/internal/test/package1/file1.go:3.20,5.5 1 1
github.com/AlekSi/gocovermerge/internal/test/package1/file1.go:3.20,5.5 1 1
github.com/AlekSi/gocovermerge/internal/test/package1/file2.go:7.20,9.9 1 1
github.com/AlekSi/gocovermerge/internal/test/package1/file2.go:12.24,14.14 1 0
github.com/AlekSi/gocovermerge/internal/test/package1/file2.go:7.20,9.9 1 1
github.com/AlekSi/gocovermerge/internal/test/package1/file2.go:12.24,14.14 1 1
github.com/AlekSi/gocovermerge/internal/test/package2/file1.go:9.17,10.10 1 0
github.com/AlekSi/gocovermerge/internal/test/package2/file1.go:10.28,13.13 3 0
github.com/AlekSi/gocovermerge/internal/test/package2/file1.go:14.17,15.15 1 0
github.com/AlekSi/gocovermerge/internal/test/package2/file1.go:16.11,17.17 1 0
github.com/AlekSi/gocovermerge/internal/test/package2/file1.go:18.11,19.19 1 0
github.com/AlekSi/gocovermerge/internal/test/package2/file1.go:20.11,21.21 1 0
github.com/AlekSi/gocovermerge/internal/test/package2/file1.go:27.19,29.29 1 1
github.com/AlekSi/gocovermerge/internal/test/package2/file1.go:9.17,10.10 1 1
github.com/AlekSi/gocovermerge/internal/test/package2/file1.go:10.28,13.13 3 1
github.com/AlekSi/gocovermerge/internal/test/package2/file1.go:14.17,15.15 1 1
github.com/AlekSi/gocovermerge/internal/test/package2/file1.go:16.11,17.17 1 1
github.com/AlekSi/gocovermerge/internal/test/package2/file1.go:18.11,19.19 1 1
github.com/AlekSi/gocovermerge/internal/test/package2/file1.go:20.11,21.21 1 1
github.com/AlekSi/gocovermerge/internal/test/package2/file1.go:27.19,29.29 1 0
github.com/AlekSi/gocovermerge/main.go:39.13,41.41 2 0
github.com/AlekSi/gocovermerge/main.go:41.22,44.44 2 0
github.com/AlekSi/gocovermerge/main.go:45.2,48.48 3 0
github.com/AlekSi/gocovermerge/main.go:49.15,50.50 1 0
github.com/AlekSi/gocovermerge/main.go:52.14,54.54 2 0
github.com/AlekSi/gocovermerge/main.go:56.10,58.58 2 0
github.com/AlekSi/gocovermerge/main.go:61.2,61.61 1 0
github.com/AlekSi/gocovermerge/main.go:61.16,63.63 2 0
github.com/AlekSi/gocovermerge/main.go:63.44,64.64 1 0
github.com/AlekSi/gocovermerge/main.go:64.54,66.66 1 0
github.com/AlekSi/gocovermerge/main.go:68.3,68.68 1 0
github.com/AlekSi/gocovermerge/main.go:39.13,41.41 2 0
github.com/AlekSi/gocovermerge/main.go:41.22,44.44 2 0
github.com/AlekSi/gocovermerge/main.go:45.2,48.48 3 0
github.com/AlekSi/gocovermerge/main.go:49.15,50.50 1 0
github.com/AlekSi/gocovermerge/main.go:52.14,54.54 2 0
github.com/AlekSi/gocovermerge/main.go:56.10,58.58 2 0
github.com/AlekSi/gocovermerge/main.go:61.2,61.61 1 0
github.com/AlekSi/gocovermerge/main.go:61.16,63.63 2 0
github.com/AlekSi/gocovermerge/main.go:63.44,64.64 1 0
github.com/AlekSi/gocovermerge/main.go:64.54,66.66 1 0
github.com/AlekSi/gocovermerge/main.go:68.3,68.68 1 0
